0 info it worked if it ends with ok
1 verbose cli [ 'node', '/usr/local/bin/npm', 'update', '-g', 'phonegap' ]
2 info using npm@1.4.21
3 info using node@v0.10.30
4 verbose request where is /phonegap
5 verbose request registry https://registry.npmjs.org/
6 verbose request id c30f60cefb1b6f83
7 verbose url raw /phonegap
8 verbose url resolving [ 'https://registry.npmjs.org/', './phonegap' ]
9 verbose url resolved https://registry.npmjs.org/phonegap
10 verbose request where is https://registry.npmjs.org/phonegap
11 info trying registry request attempt 1 at 10:15:51
12 verbose etag "8YZRQHBY04LH94OC8KM365YZZ"
13 http GET https://registry.npmjs.org/phonegap
14 http 200 https://registry.npmjs.org/phonegap
15 silly registry.get cb [ 200,
15 silly registry.get   { date: 'Fri, 28 Nov 2014 18:15:52 GMT',
15 silly registry.get     server: 'CouchDB/1.5.0 (Erlang OTP/R16B03)',
15 silly registry.get     etag: '"4UOQYI6A9TCSTFMRS8G70WMPN"',
15 silly registry.get     'content-type': 'application/json',
15 silly registry.get     'cache-control': 'max-age=60',
15 silly registry.get     'content-length': '187804',
15 silly registry.get     'accept-ranges': 'bytes',
15 silly registry.get     via: '1.1 varnish',
15 silly registry.get     age: '0',
15 silly registry.get     'x-served-by': 'cache-sjc3123-SJC',
15 silly registry.get     'x-cache': 'MISS',
15 silly registry.get     'x-cache-hits': '0',
15 silly registry.get     'x-timer': 'S1417198552.366032,VS0,VE352',
15 silly registry.get     vary: 'Accept',
15 silly registry.get     'keep-alive': 'timeout=10, max=50',
15 silly registry.get     connection: 'Keep-Alive' } ]
16 info outdated updating [ [ '/usr/local/lib',
16 info outdated     'phonegap',
16 info outdated     '3.6.0-0.21.19',
16 info outdated     '4.1.2-0.22.8',
16 info outdated     '4.1.2-0.22.8',
16 info outdated     'latest' ] ]
17 verbose install where,what [ '/usr/local/lib', [ 'phonegap@4.1.2-0.22.8' ] ]
18 verbose cache add [ 'phonegap@4.1.2-0.22.8', null ]
19 verbose cache add name=undefined spec="phonegap@4.1.2-0.22.8" args=["phonegap@4.1.2-0.22.8",null]
20 verbose parsed url { protocol: null,
20 verbose parsed url   slashes: null,
20 verbose parsed url   auth: null,
20 verbose parsed url   host: null,
20 verbose parsed url   port: null,
20 verbose parsed url   hostname: null,
20 verbose parsed url   hash: null,
20 verbose parsed url   search: null,
20 verbose parsed url   query: null,
20 verbose parsed url   pathname: 'phonegap@4.1.2-0.22.8',
20 verbose parsed url   path: 'phonegap@4.1.2-0.22.8',
20 verbose parsed url   href: 'phonegap@4.1.2-0.22.8' }
21 verbose cache add name="phonegap" spec="4.1.2-0.22.8" args=["phonegap","4.1.2-0.22.8"]
22 verbose parsed url { protocol: null,
22 verbose parsed url   slashes: null,
22 verbose parsed url   auth: null,
22 verbose parsed url   host: null,
22 verbose parsed url   port: null,
22 verbose parsed url   hostname: null,
22 verbose parsed url   hash: null,
22 verbose parsed url   search: null,
22 verbose parsed url   query: null,
22 verbose parsed url   pathname: '4.1.2-0.22.8',
22 verbose parsed url   path: '4.1.2-0.22.8',
22 verbose parsed url   href: '4.1.2-0.22.8' }
23 verbose addNamed [ 'phonegap', '4.1.2-0.22.8' ]
24 verbose addNamed [ '4.1.2-0.22.8', '4.1.2-0.22.8' ]
25 silly lockFile 31a7c845-phonegap-4-1-2-0-22-8 phonegap@4.1.2-0.22.8
26 verbose lock phonegap@4.1.2-0.22.8 /Users/efahsl/.npm/31a7c845-phonegap-4-1-2-0-22-8.lock
27 verbose registry.get https://registry.npmjs.org/phonegap not expired, no request
28 silly lockFile c209a45a-onegap-phonegap-4-1-2-0-22-8-tgz https://registry.npmjs.org/phonegap/-/phonegap-4.1.2-0.22.8.tgz
29 verbose lock https://registry.npmjs.org/phonegap/-/phonegap-4.1.2-0.22.8.tgz /Users/efahsl/.npm/c209a45a-onegap-phonegap-4-1-2-0-22-8-tgz.lock
30 verbose addRemoteTarball [ 'https://registry.npmjs.org/phonegap/-/phonegap-4.1.2-0.22.8.tgz',
30 verbose addRemoteTarball   '79331e49f8070188ac870d9d3d48d8162d71ba98' ]
31 info retry fetch attempt 1 at 10:15:55
32 verbose fetch to= /var/folders/gr/7v3xpfhs6jd9r74x1p3cjjcw0000gn/T/npm-8730-QumTAtvx/registry.npmjs.org/phonegap/-/phonegap-4.1.2-0.22.8.tgz
33 http GET https://registry.npmjs.org/phonegap/-/phonegap-4.1.2-0.22.8.tgz
34 http 200 https://registry.npmjs.org/phonegap/-/phonegap-4.1.2-0.22.8.tgz
35 silly lockFile c209a45a-onegap-phonegap-4-1-2-0-22-8-tgz https://registry.npmjs.org/phonegap/-/phonegap-4.1.2-0.22.8.tgz
36 silly lockFile c209a45a-onegap-phonegap-4-1-2-0-22-8-tgz https://registry.npmjs.org/phonegap/-/phonegap-4.1.2-0.22.8.tgz
37 silly lockFile 31a7c845-phonegap-4-1-2-0-22-8 phonegap@4.1.2-0.22.8
38 silly lockFile 31a7c845-phonegap-4-1-2-0-22-8 phonegap@4.1.2-0.22.8
39 silly resolved [ { name: 'phonegap',
39 silly resolved     description: 'PhoneGap command-line interface and node.js library.',
39 silly resolved     version: '4.1.2-0.22.8',
39 silly resolved     homepage: 'http://github.com/phonegap/phonegap-cli',
39 silly resolved     repository:
39 silly resolved      { type: 'git',
39 silly resolved        url: 'git://github.com/phonegap/phonegap-cli.git' },
39 silly resolved     keywords:
39 silly resolved      [ 'cli',
39 silly resolved        'cordova',
39 silly resolved        'phonegap',
39 silly resolved        'phonegap build',
39 silly resolved        'phonegap/build' ],
39 silly resolved     preferGlobal: 'true',
39 silly resolved     main: './lib/main.js',
39 silly resolved     bin: { phonegap: './bin/phonegap.js' },
39 silly resolved     scripts: { test: 'jasmine-node --color spec' },
39 silly resolved     engineStrict: 'true',
39 silly resolved     engines: { node: '>=0.10.0' },
39 silly resolved     dependencies:
39 silly resolved      { colors: '0.6.0-1',
39 silly resolved        'connect-phonegap': '0.14.2',
39 silly resolved        cordova: '4.1.2',
39 silly resolved        minimist: '0.1.0',
39 silly resolved        'phonegap-build': '0.9.0',
39 silly resolved        pluralize: '0.0.4',
39 silly resolved        prompt: '0.2.11',
39 silly resolved        'qrcode-terminal': '0.9.4',
39 silly resolved        semver: '1.1.0',
39 silly resolved        shelljs: '0.1.4' },
39 silly resolved     devDependencies: { 'jasmine-node': '1.14.5', chdir: '0.0.x' },
39 silly resolved     optionalDependencies: {},
39 silly resolved     contributors: [ [Object], [Object], [Object], [Object] ],
39 silly resolved     gitHead: 'a658ba59e01a04ecfa29adc811e66618693c922c',
39 silly resolved     bugs: { url: 'https://github.com/phonegap/phonegap-cli/issues' },
39 silly resolved     _id: 'phonegap@4.1.2-0.22.8',
39 silly resolved     _shasum: '79331e49f8070188ac870d9d3d48d8162d71ba98',
39 silly resolved     _from: 'phonegap@4.1.2-0.22.8',
39 silly resolved     _npmVersion: '2.1.8',
39 silly resolved     _nodeVersion: '0.10.26',
39 silly resolved     _npmUser: { name: 'mwbrooks', email: 'michael@michaelbrooks.ca' },
39 silly resolved     maintainers: [ [Object], [Object], [Object], [Object] ],
39 silly resolved     dist:
39 silly resolved      { shasum: '79331e49f8070188ac870d9d3d48d8162d71ba98',
39 silly resolved        tarball: 'http://registry.npmjs.org/phonegap/-/phonegap-4.1.2-0.22.8.tgz' },
39 silly resolved     directories: {},
39 silly resolved     _resolved: 'https://registry.npmjs.org/phonegap/-/phonegap-4.1.2-0.22.8.tgz' } ]
40 info install phonegap@4.1.2-0.22.8 into /usr/local/lib
41 info installOne phonegap@4.1.2-0.22.8
42 verbose lib/node_modules/phonegap unbuild
43 info preuninstall phonegap@3.6.0-0.21.19
44 info uninstall phonegap@3.6.0-0.21.19
45 verbose true,/usr/local/lib/node_modules,/usr/local/lib/node_modules unbuild phonegap@3.6.0-0.21.19
46 verbose /usr/local/bin,[object Object] binRoot
47 info postuninstall phonegap@3.6.0-0.21.19
48 verbose lib/node_modules/phonegap unbuild
49 info preuninstall phonegap@3.6.0-0.21.19
50 info uninstall phonegap@3.6.0-0.21.19
51 verbose true,/usr/local/lib/node_modules,/usr/local/lib/node_modules unbuild phonegap@3.6.0-0.21.19
52 verbose /usr/local/bin,[object Object] binRoot
53 info postuninstall phonegap@3.6.0-0.21.19
54 error error rolling back Error: EACCES, unlink '/usr/local/lib/node_modules/phonegap'
54 error error rolling back  phonegap@4.1.2-0.22.8 { [Error: EACCES, unlink '/usr/local/lib/node_modules/phonegap']
54 error error rolling back   errno: 3,
54 error error rolling back   code: 'EACCES',
54 error error rolling back   path: '/usr/local/lib/node_modules/phonegap' }
55 error Error: EACCES, unlink '/usr/local/lib/node_modules/phonegap'
55 error  { [Error: EACCES, unlink '/usr/local/lib/node_modules/phonegap']
55 error   errno: 3,
55 error   code: 'EACCES',
55 error   path: '/usr/local/lib/node_modules/phonegap' }
56 error Please try running this command again as root/Administrator.
57 error System Darwin 14.0.0
58 error command "node" "/usr/local/bin/npm" "update" "-g" "phonegap"
59 error cwd /Users/efahsl/git/wsis/spa
60 error node -v v0.10.30
61 error npm -v 1.4.21
62 error path /usr/local/lib/node_modules/phonegap
63 error code EACCES
64 error errno 3
65 error stack Error: EACCES, unlink '/usr/local/lib/node_modules/phonegap'
66 verbose exit [ 3, true ]
